mode: set
birthday_congrats/cmd/birthday_congrats/main.go:29.13,34.16 3 0
birthday_congrats/cmd/birthday_congrats/main.go:34.16,36.3 1 0
birthday_congrats/cmd/birthday_congrats/main.go:37.2,37.15 1 0
birthday_congrats/cmd/birthday_congrats/main.go:37.15,39.17 2 0
birthday_congrats/cmd/birthday_congrats/main.go:39.17,41.4 1 0
birthday_congrats/cmd/birthday_congrats/main.go:43.2,51.16 4 0
birthday_congrats/cmd/birthday_congrats/main.go:51.16,54.3 2 0
birthday_congrats/cmd/birthday_congrats/main.go:55.2,61.16 5 0
birthday_congrats/cmd/birthday_congrats/main.go:61.16,64.3 2 0
birthday_congrats/cmd/birthday_congrats/main.go:67.2,109.15 8 0
birthday_congrats/cmd/birthday_congrats/main.go:109.15,112.3 2 0
birthday_congrats/cmd/birthday_congrats/main.go:114.2,152.16 18 0
birthday_congrats/cmd/birthday_congrats/main.go:152.16,157.3 1 0
birthday_congrats/internal/pkg/alert_manager/alert_manager_mock.go:25.69,29.2 3 0
birthday_congrats/internal/pkg/alert_manager/alert_manager_mock.go:32.67,34.2 1 0
birthday_congrats/internal/pkg/alert_manager/alert_manager_mock.go:37.71,40.2 2 0
birthday_congrats/internal/pkg/alert_manager/alert_manager_mock.go:43.93,46.2 2 0
birthday_congrats/internal/pkg/alert_manager/email_alert_manager.go:28.22,38.2 2 0
birthday_congrats/internal/pkg/alert_manager/email_alert_manager.go:40.73,51.16 3 0
birthday_congrats/internal/pkg/alert_manager/email_alert_manager.go:51.16,54.3 2 0
birthday_congrats/internal/pkg/alert_manager/email_alert_manager.go:56.2,56.48 1 0
birthday_congrats/internal/pkg/middlware/auth.go:10.98,11.71 1 0
birthday_congrats/internal/pkg/middlware/auth.go:11.71,13.17 2 0
birthday_congrats/internal/pkg/middlware/auth.go:13.17,17.4 3 0
birthday_congrats/internal/pkg/middlware/auth.go:19.3,20.40 2 0
birthday_congrats/internal/pkg/middlware/logger.go:10.72,11.71 1 0
birthday_congrats/internal/pkg/middlware/logger.go:11.71,20.3 3 0
birthday_congrats/internal/pkg/middlware/panic.go:9.71,10.71 1 0
birthday_congrats/internal/pkg/middlware/panic.go:10.71,11.16 1 0
birthday_congrats/internal/pkg/middlware/panic.go:11.16,12.36 1 0
birthday_congrats/internal/pkg/middlware/panic.go:12.36,15.5 2 0
birthday_congrats/internal/pkg/middlware/panic.go:17.3,17.23 1 0
birthday_congrats/internal/pkg/session/manager_mock.go:27.75,31.2 3 0
birthday_congrats/internal/pkg/session/manager_mock.go:34.73,36.2 1 0
birthday_congrats/internal/pkg/session/manager_mock.go:39.72,45.2 5 0
birthday_congrats/internal/pkg/session/manager_mock.go:48.78,51.2 2 0
birthday_congrats/internal/pkg/session/manager_mock.go:54.92,60.2 5 0
birthday_congrats/internal/pkg/session/manager_mock.go:63.89,66.2 2 0
birthday_congrats/internal/pkg/session/manager_mock.go:69.66,74.2 4 0
birthday_congrats/internal/pkg/session/manager_mock.go:77.82,80.2 2 0
birthday_congrats/internal/pkg/session/mysql_manager.go:24.128,31.2 1 1
birthday_congrats/internal/pkg/session/mysql_manager.go:33.94,43.16 3 1
birthday_congrats/internal/pkg/session/mysql_manager.go:43.16,46.3 2 1
birthday_congrats/internal/pkg/session/mysql_manager.go:49.2,50.16 2 1
birthday_congrats/internal/pkg/session/mysql_manager.go:50.16,53.3 2 1
birthday_congrats/internal/pkg/session/mysql_manager.go:54.2,54.19 1 1
birthday_congrats/internal/pkg/session/mysql_manager.go:54.19,57.3 2 1
birthday_congrats/internal/pkg/session/mysql_manager.go:59.2,59.25 1 1
birthday_congrats/internal/pkg/session/mysql_manager.go:62.74,64.16 2 1
birthday_congrats/internal/pkg/session/mysql_manager.go:64.16,67.3 2 1
birthday_congrats/internal/pkg/session/mysql_manager.go:69.2,83.40 4 1
birthday_congrats/internal/pkg/session/mysql_manager.go:83.40,86.3 2 1
birthday_congrats/internal/pkg/session/mysql_manager.go:87.2,87.26 1 1
birthday_congrats/internal/pkg/session/mysql_manager.go:87.26,90.3 2 1
birthday_congrats/internal/pkg/session/mysql_manager.go:93.2,93.38 1 1
birthday_congrats/internal/pkg/session/mysql_manager.go:93.38,95.17 2 1
birthday_congrats/internal/pkg/session/mysql_manager.go:95.17,98.4 2 1
birthday_congrats/internal/pkg/session/mysql_manager.go:100.3,100.32 1 1
birthday_congrats/internal/pkg/session/mysql_manager.go:103.2,103.18 1 1
birthday_congrats/internal/pkg/session/mysql_manager.go:106.68,108.16 2 1
birthday_congrats/internal/pkg/session/mysql_manager.go:108.16,111.3 2 1
birthday_congrats/internal/pkg/session/mysql_manager.go:113.2,118.16 2 1
birthday_congrats/internal/pkg/session/mysql_manager.go:118.16,121.3 2 1
birthday_congrats/internal/pkg/session/mysql_manager.go:124.2,125.16 2 1
birthday_congrats/internal/pkg/session/mysql_manager.go:125.16,128.3 2 1
birthday_congrats/internal/pkg/session/mysql_manager.go:129.2,129.19 1 1
birthday_congrats/internal/pkg/session/mysql_manager.go:129.19,132.3 2 1
birthday_congrats/internal/pkg/session/mysql_manager.go:134.2,134.12 1 1
birthday_congrats/internal/pkg/session/session.go:30.73,36.2 1 1
birthday_congrats/internal/pkg/session/session.go:42.36,44.19 2 1
birthday_congrats/internal/pkg/session/session.go:44.19,46.3 1 1
birthday_congrats/internal/pkg/session/session.go:47.2,47.18 1 1
birthday_congrats/internal/pkg/session/session.go:54.77,56.2 1 1
birthday_congrats/internal/pkg/session/session.go:58.64,60.24 2 1
birthday_congrats/internal/pkg/session/session.go:60.24,62.3 1 1
birthday_congrats/internal/pkg/session/session.go:64.2,64.18 1 1
birthday_congrats/internal/pkg/subscription/mysql_repo.go:19.95,24.2 1 1
birthday_congrats/internal/pkg/subscription/mysql_repo.go:26.103,33.16 3 1
birthday_congrats/internal/pkg/subscription/mysql_repo.go:33.16,36.3 2 1
birthday_congrats/internal/pkg/subscription/mysql_repo.go:38.2,38.18 1 1
birthday_congrats/internal/pkg/subscription/mysql_repo.go:38.18,41.17 3 1
birthday_congrats/internal/pkg/subscription/mysql_repo.go:41.17,44.4 2 1
birthday_congrats/internal/pkg/subscription/mysql_repo.go:46.3,46.48 1 1
birthday_congrats/internal/pkg/subscription/mysql_repo.go:49.2,49.27 1 1
birthday_congrats/internal/pkg/subscription/mysql_repo.go:52.121,60.16 3 1
birthday_congrats/internal/pkg/subscription/mysql_repo.go:60.16,63.3 2 1
birthday_congrats/internal/pkg/subscription/mysql_repo.go:65.2,65.18 1 1
birthday_congrats/internal/pkg/subscription/mysql_repo.go:65.18,70.17 3 1
birthday_congrats/internal/pkg/subscription/mysql_repo.go:70.17,73.4 2 1
birthday_congrats/internal/pkg/subscription/mysql_repo.go:75.3,75.48 1 1
birthday_congrats/internal/pkg/subscription/mysql_repo.go:78.2,78.27 1 1
birthday_congrats/internal/pkg/subscription/mysql_repo.go:81.132,89.16 2 1
birthday_congrats/internal/pkg/subscription/mysql_repo.go:89.16,92.3 2 1
birthday_congrats/internal/pkg/subscription/mysql_repo.go:95.2,96.16 2 1
birthday_congrats/internal/pkg/subscription/mysql_repo.go:96.16,99.3 2 1
birthday_congrats/internal/pkg/subscription/mysql_repo.go:100.2,100.19 1 1
birthday_congrats/internal/pkg/subscription/mysql_repo.go:100.19,103.3 2 1
birthday_congrats/internal/pkg/subscription/mysql_repo.go:105.2,105.12 1 1
birthday_congrats/internal/pkg/subscription/mysql_repo.go:108.120,115.16 2 1
birthday_congrats/internal/pkg/subscription/mysql_repo.go:115.16,118.3 2 1
birthday_congrats/internal/pkg/subscription/mysql_repo.go:121.2,122.16 2 1
birthday_congrats/internal/pkg/subscription/mysql_repo.go:122.16,125.3 2 1
birthday_congrats/internal/pkg/subscription/mysql_repo.go:126.2,126.19 1 1
birthday_congrats/internal/pkg/subscription/mysql_repo.go:126.19,129.3 2 1
birthday_congrats/internal/pkg/subscription/mysql_repo.go:131.2,131.12 1 1
birthday_congrats/internal/pkg/subscription/repo_mock.go:26.79,30.2 3 0
birthday_congrats/internal/pkg/subscription/repo_mock.go:33.77,35.2 1 0
birthday_congrats/internal/pkg/subscription/repo_mock.go:38.128,43.2 4 0
birthday_congrats/internal/pkg/subscription/repo_mock.go:46.133,49.2 2 0
birthday_congrats/internal/pkg/subscription/repo_mock.go:52.99,58.2 5 0
birthday_congrats/internal/pkg/subscription/repo_mock.go:61.96,64.2 2 0
birthday_congrats/internal/pkg/subscription/repo_mock.go:67.117,73.2 5 0
birthday_congrats/internal/pkg/subscription/repo_mock.go:76.107,79.2 2 0
birthday_congrats/internal/pkg/subscription/repo_mock.go:82.116,87.2 4 0
birthday_congrats/internal/pkg/subscription/repo_mock.go:90.125,93.2 2 0
birthday_congrats/internal/pkg/alert_manager/alert_manager_mock.go:25.69,29.2 3 0
birthday_congrats/internal/pkg/alert_manager/alert_manager_mock.go:32.67,34.2 1 0
birthday_congrats/internal/pkg/alert_manager/alert_manager_mock.go:37.71,40.2 2 0
birthday_congrats/internal/pkg/alert_manager/alert_manager_mock.go:43.93,46.2 2 0
birthday_congrats/internal/pkg/alert_manager/email_alert_manager.go:28.22,38.2 2 0
birthday_congrats/internal/pkg/alert_manager/email_alert_manager.go:40.73,51.16 3 0
birthday_congrats/internal/pkg/alert_manager/email_alert_manager.go:51.16,54.3 2 0
birthday_congrats/internal/pkg/alert_manager/email_alert_manager.go:56.2,56.48 1 0
birthday_congrats/internal/pkg/handlers/service.go:28.19,35.2 1 1
birthday_congrats/internal/pkg/handlers/service.go:37.99,45.16 3 1
birthday_congrats/internal/pkg/handlers/service.go:45.16,48.3 2 1
birthday_congrats/internal/pkg/handlers/service.go:51.72,53.16 2 1
birthday_congrats/internal/pkg/handlers/service.go:53.16,57.3 3 1
birthday_congrats/internal/pkg/handlers/service.go:59.2,61.16 3 1
birthday_congrats/internal/pkg/handlers/service.go:61.16,64.3 2 1
birthday_congrats/internal/pkg/handlers/service.go:67.76,69.2 1 1
birthday_congrats/internal/pkg/handlers/service.go:71.75,79.45 2 1
birthday_congrats/internal/pkg/handlers/service.go:79.45,83.3 3 1
birthday_congrats/internal/pkg/handlers/service.go:84.2,84.31 1 1
birthday_congrats/internal/pkg/handlers/service.go:84.31,87.3 2 1
birthday_congrats/internal/pkg/handlers/service.go:89.2,95.49 2 1
birthday_congrats/internal/pkg/handlers/service.go:98.72,104.41 2 1
birthday_congrats/internal/pkg/handlers/service.go:104.41,108.3 3 1
birthday_congrats/internal/pkg/handlers/service.go:109.2,109.27 1 1
birthday_congrats/internal/pkg/handlers/service.go:109.27,112.3 2 1
birthday_congrats/internal/pkg/handlers/service.go:114.2,120.49 2 1
birthday_congrats/internal/pkg/handlers/service.go:123.72,125.16 2 1
birthday_congrats/internal/pkg/handlers/service.go:125.16,129.3 3 1
birthday_congrats/internal/pkg/handlers/service.go:131.2,137.16 3 1
birthday_congrats/internal/pkg/handlers/service.go:137.16,140.3 2 1
birthday_congrats/internal/pkg/handlers/service.go:143.76,145.16 2 1
birthday_congrats/internal/pkg/handlers/service.go:145.16,149.3 3 1
birthday_congrats/internal/pkg/handlers/service.go:151.2,152.16 2 1
birthday_congrats/internal/pkg/handlers/service.go:152.16,156.3 3 1
birthday_congrats/internal/pkg/handlers/service.go:158.2,159.16 2 1
birthday_congrats/internal/pkg/handlers/service.go:159.16,163.3 3 1
birthday_congrats/internal/pkg/handlers/service.go:165.2,165.49 1 1
birthday_congrats/internal/pkg/handlers/service.go:168.78,170.16 2 1
birthday_congrats/internal/pkg/handlers/service.go:170.16,174.3 3 1
birthday_congrats/internal/pkg/handlers/service.go:176.2,177.16 2 1
birthday_congrats/internal/pkg/handlers/service.go:177.16,181.3 3 1
birthday_congrats/internal/pkg/handlers/service.go:183.2,183.49 1 1
birthday_congrats/internal/pkg/handlers/service.go:186.73,188.50 2 1
birthday_congrats/internal/pkg/handlers/service.go:188.50,192.3 3 1
birthday_congrats/internal/pkg/handlers/service.go:193.2,193.36 1 1
birthday_congrats/internal/pkg/handlers/service.go:193.36,195.3 1 1
birthday_congrats/internal/pkg/handlers/service.go:197.2,198.16 2 1
birthday_congrats/internal/pkg/handlers/service.go:198.16,202.3 3 1
birthday_congrats/internal/pkg/handlers/service.go:204.2,207.44 3 1
birthday_congrats/internal/pkg/user/mysql_repo.go:21.79,27.2 1 1
birthday_congrats/internal/pkg/user/mysql_repo.go:29.127,39.40 4 1
birthday_congrats/internal/pkg/user/mysql_repo.go:39.40,43.3 3 1
birthday_congrats/internal/pkg/user/mysql_repo.go:44.2,44.16 1 1
birthday_congrats/internal/pkg/user/mysql_repo.go:44.16,47.3 2 1
birthday_congrats/internal/pkg/user/mysql_repo.go:49.2,61.16 3 1
birthday_congrats/internal/pkg/user/mysql_repo.go:61.16,64.3 2 1
birthday_congrats/internal/pkg/user/mysql_repo.go:67.2,68.16 2 1
birthday_congrats/internal/pkg/user/mysql_repo.go:68.16,71.3 2 1
birthday_congrats/internal/pkg/user/mysql_repo.go:72.2,72.19 1 1
birthday_congrats/internal/pkg/user/mysql_repo.go:72.19,75.3 2 1
birthday_congrats/internal/pkg/user/mysql_repo.go:77.2,78.16 2 1
birthday_congrats/internal/pkg/user/mysql_repo.go:78.16,81.3 2 1
birthday_congrats/internal/pkg/user/mysql_repo.go:83.2,92.21 2 1
birthday_congrats/internal/pkg/user/mysql_repo.go:95.98,112.40 4 1
birthday_congrats/internal/pkg/user/mysql_repo.go:112.40,115.3 2 1
birthday_congrats/internal/pkg/user/mysql_repo.go:116.2,116.26 1 1
birthday_congrats/internal/pkg/user/mysql_repo.go:116.26,118.3 1 1
birthday_congrats/internal/pkg/user/mysql_repo.go:120.2,120.30 1 1
birthday_congrats/internal/pkg/user/mysql_repo.go:120.30,122.3 1 1
birthday_congrats/internal/pkg/user/mysql_repo.go:124.2,124.18 1 1
birthday_congrats/internal/pkg/user/mysql_repo.go:127.74,134.16 3 1
birthday_congrats/internal/pkg/user/mysql_repo.go:134.16,137.3 2 1
birthday_congrats/internal/pkg/user/mysql_repo.go:139.2,139.18 1 1
birthday_congrats/internal/pkg/user/mysql_repo.go:139.18,149.17 3 1
birthday_congrats/internal/pkg/user/mysql_repo.go:149.17,152.4 2 1
birthday_congrats/internal/pkg/user/mysql_repo.go:154.3,154.30 1 1
birthday_congrats/internal/pkg/user/mysql_repo.go:157.2,157.19 1 1
birthday_congrats/internal/pkg/user/mysql_repo.go:160.88,175.40 3 1
birthday_congrats/internal/pkg/user/mysql_repo.go:175.40,178.3 2 1
birthday_congrats/internal/pkg/user/mysql_repo.go:179.2,179.26 1 1
birthday_congrats/internal/pkg/user/mysql_repo.go:179.26,181.3 1 1
birthday_congrats/internal/pkg/user/mysql_repo.go:183.2,183.18 1 1
birthday_congrats/internal/pkg/user/repo_mock.go:26.63,30.2 3 0
birthday_congrats/internal/pkg/user/repo_mock.go:33.61,35.2 1 0
birthday_congrats/internal/pkg/user/repo_mock.go:38.124,44.2 5 0
birthday_congrats/internal/pkg/user/repo_mock.go:47.120,50.2 2 0
birthday_congrats/internal/pkg/user/repo_mock.go:53.70,59.2 5 0
birthday_congrats/internal/pkg/user/repo_mock.go:62.75,65.2 2 0
birthday_congrats/internal/pkg/user/repo_mock.go:68.84,74.2 5 0
birthday_congrats/internal/pkg/user/repo_mock.go:77.84,80.2 2 0
birthday_congrats/internal/pkg/user/repo_mock.go:83.94,89.2 5 0
birthday_congrats/internal/pkg/user/repo_mock.go:92.94,95.2 2 0
birthday_congrats/internal/pkg/alert_manager/alert_manager_mock.go:25.69,29.2 3 1
birthday_congrats/internal/pkg/alert_manager/alert_manager_mock.go:32.67,34.2 1 1
birthday_congrats/internal/pkg/alert_manager/alert_manager_mock.go:37.71,40.2 2 1
birthday_congrats/internal/pkg/alert_manager/alert_manager_mock.go:43.93,46.2 2 1
birthday_congrats/internal/pkg/alert_manager/email_alert_manager.go:28.22,38.2 2 0
birthday_congrats/internal/pkg/alert_manager/email_alert_manager.go:40.73,51.16 3 0
birthday_congrats/internal/pkg/alert_manager/email_alert_manager.go:51.16,54.3 2 0
birthday_congrats/internal/pkg/alert_manager/email_alert_manager.go:56.2,56.48 1 0
birthday_congrats/internal/services/congrats_service/congrats_service_impl.go:42.31,50.2 1 1
birthday_congrats/internal/services/congrats_service/congrats_service_impl.go:52.136,54.16 2 1
birthday_congrats/internal/services/congrats_service/congrats_service_impl.go:54.16,57.3 2 1
birthday_congrats/internal/services/congrats_service/congrats_service_impl.go:59.2,68.45 2 1
birthday_congrats/internal/services/congrats_service/congrats_service_impl.go:68.45,71.3 2 1
birthday_congrats/internal/services/congrats_service/congrats_service_impl.go:72.2,72.31 1 1
birthday_congrats/internal/services/congrats_service/congrats_service_impl.go:72.31,75.3 2 1
birthday_congrats/internal/services/congrats_service/congrats_service_impl.go:77.2,78.16 2 1
birthday_congrats/internal/services/congrats_service/congrats_service_impl.go:78.16,81.3 2 1
birthday_congrats/internal/services/congrats_service/congrats_service_impl.go:83.2,83.18 1 1
birthday_congrats/internal/services/congrats_service/congrats_service_impl.go:86.119,88.71 2 1
birthday_congrats/internal/services/congrats_service/congrats_service_impl.go:88.71,91.3 2 1
birthday_congrats/internal/services/congrats_service/congrats_service_impl.go:92.2,92.57 1 1
birthday_congrats/internal/services/congrats_service/congrats_service_impl.go:92.57,95.3 2 1
birthday_congrats/internal/services/congrats_service/congrats_service_impl.go:97.2,98.16 2 1
birthday_congrats/internal/services/congrats_service/congrats_service_impl.go:98.16,101.3 2 1
birthday_congrats/internal/services/congrats_service/congrats_service_impl.go:103.2,103.18 1 1
birthday_congrats/internal/services/congrats_service/congrats_service_impl.go:106.114,108.16 2 1
birthday_congrats/internal/services/congrats_service/congrats_service_impl.go:108.16,111.3 2 1
birthday_congrats/internal/services/congrats_service/congrats_service_impl.go:113.2,114.58 2 1
birthday_congrats/internal/services/congrats_service/congrats_service_impl.go:114.58,117.3 2 1
birthday_congrats/internal/services/congrats_service/congrats_service_impl.go:118.2,118.44 1 1
birthday_congrats/internal/services/congrats_service/congrats_service_impl.go:118.44,121.3 2 1
birthday_congrats/internal/services/congrats_service/congrats_service_impl.go:123.2,123.12 1 1
birthday_congrats/internal/services/congrats_service/congrats_service_impl.go:126.101,128.16 2 1
birthday_congrats/internal/services/congrats_service/congrats_service_impl.go:128.16,131.3 2 1
birthday_congrats/internal/services/congrats_service/congrats_service_impl.go:133.2,134.61 2 1
birthday_congrats/internal/services/congrats_service/congrats_service_impl.go:134.61,137.3 2 1
birthday_congrats/internal/services/congrats_service/congrats_service_impl.go:138.2,138.47 1 1
birthday_congrats/internal/services/congrats_service/congrats_service_impl.go:138.47,141.3 2 1
birthday_congrats/internal/services/congrats_service/congrats_service_impl.go:143.2,143.12 1 1
birthday_congrats/internal/services/congrats_service/congrats_service_impl.go:146.73,148.81 2 1
birthday_congrats/internal/services/congrats_service/congrats_service_impl.go:148.81,151.3 2 1
birthday_congrats/internal/services/congrats_service/congrats_service_impl.go:152.2,152.67 1 1
birthday_congrats/internal/services/congrats_service/congrats_service_impl.go:152.67,155.3 2 1
birthday_congrats/internal/services/congrats_service/congrats_service_impl.go:157.2,157.12 1 1
birthday_congrats/internal/services/congrats_service/congrats_service_impl.go:160.105,162.16 2 1
birthday_congrats/internal/services/congrats_service/congrats_service_impl.go:162.16,165.3 2 1
birthday_congrats/internal/services/congrats_service/congrats_service_impl.go:167.2,168.16 2 1
birthday_congrats/internal/services/congrats_service/congrats_service_impl.go:168.16,171.3 2 1
birthday_congrats/internal/services/congrats_service/congrats_service_impl.go:173.2,174.16 2 1
birthday_congrats/internal/services/congrats_service/congrats_service_impl.go:174.16,177.3 2 1
birthday_congrats/internal/services/congrats_service/congrats_service_impl.go:179.2,179.75 1 1
birthday_congrats/internal/services/congrats_service/congrats_service_impl.go:179.75,179.127 1 1
birthday_congrats/internal/services/congrats_service/congrats_service_impl.go:181.2,182.26 2 1
birthday_congrats/internal/services/congrats_service/congrats_service_impl.go:182.26,183.30 1 1
birthday_congrats/internal/services/congrats_service/congrats_service_impl.go:183.30,184.9 1 1
birthday_congrats/internal/services/congrats_service/congrats_service_impl.go:187.3,187.44 1 1
birthday_congrats/internal/services/congrats_service/congrats_service_impl.go:187.44,191.4 3 1
birthday_congrats/internal/services/congrats_service/congrats_service_impl.go:194.2,194.19 1 1
birthday_congrats/internal/services/congrats_service/congrats_service_impl.go:197.134,198.33 1 0
birthday_congrats/internal/services/congrats_service/congrats_service_impl.go:198.33,201.3 2 0
birthday_congrats/internal/services/congrats_service/congrats_service_impl.go:203.2,204.30 2 0
birthday_congrats/internal/services/congrats_service/congrats_service_impl.go:207.108,217.16 6 1
birthday_congrats/internal/services/congrats_service/congrats_service_impl.go:217.16,220.3 2 1
birthday_congrats/internal/services/congrats_service/congrats_service_impl.go:222.2,224.26 2 1
birthday_congrats/internal/services/congrats_service/congrats_service_impl.go:224.26,226.3 1 1
birthday_congrats/internal/services/congrats_service/congrats_service_impl.go:228.2,228.6 1 1
birthday_congrats/internal/services/congrats_service/congrats_service_impl.go:228.6,229.10 1 1
birthday_congrats/internal/services/congrats_service/congrats_service_impl.go:230.21,232.10 2 1
birthday_congrats/internal/services/congrats_service/congrats_service_impl.go:233.19,235.18 2 1
birthday_congrats/internal/services/congrats_service/congrats_service_impl.go:235.18,237.13 2 1
birthday_congrats/internal/services/congrats_service/congrats_service_impl.go:240.4,242.28 2 1
birthday_congrats/internal/services/congrats_service/congrats_service_impl.go:242.28,244.5 1 1
birthday_congrats/internal/services/congrats_service/congrats_service_impl.go:249.103,251.16 2 1
birthday_congrats/internal/services/congrats_service/congrats_service_impl.go:251.16,254.3 2 1
birthday_congrats/internal/services/congrats_service/congrats_service_impl.go:256.2,256.29 1 1
birthday_congrats/internal/services/congrats_service/congrats_service_impl.go:256.29,258.3 1 1
birthday_congrats/internal/services/congrats_service/congrats_service_impl.go:260.2,260.81 1 1
birthday_congrats/internal/services/congrats_service/congrats_service_impl.go:260.81,260.133 1 1
birthday_congrats/internal/services/congrats_service/congrats_service_impl.go:262.2,269.36 6 1
birthday_congrats/internal/services/congrats_service/congrats_service_impl.go:269.36,270.42 1 1
birthday_congrats/internal/services/congrats_service/congrats_service_impl.go:270.42,273.18 3 1
birthday_congrats/internal/services/congrats_service/congrats_service_impl.go:273.18,276.5 2 1
birthday_congrats/internal/services/congrats_service/congrats_service_impl.go:278.4,285.35 2 1
birthday_congrats/internal/services/congrats_service/congrats_service_impl.go:285.35,287.5 1 1
birthday_congrats/internal/services/congrats_service/congrats_service_impl.go:289.4,289.19 1 1
birthday_congrats/internal/services/congrats_service/congrats_service_impl.go:289.19,291.5 1 1
birthday_congrats/internal/services/congrats_service/congrats_service_impl.go:291.10,291.32 1 1
birthday_congrats/internal/services/congrats_service/congrats_service_impl.go:291.32,293.5 1 1
birthday_congrats/internal/services/congrats_service/congrats_service_impl.go:295.4,298.26 3 1
birthday_congrats/internal/services/congrats_service/congrats_service_impl.go:301.3,301.34 1 1
birthday_congrats/internal/services/congrats_service/congrats_service_impl.go:301.34,303.18 2 1
birthday_congrats/internal/services/congrats_service/congrats_service_impl.go:303.18,306.5 2 1
birthday_congrats/internal/services/congrats_service/congrats_service_impl.go:308.4,308.37 1 1
birthday_congrats/internal/services/congrats_service/congrats_service_impl.go:312.2,312.17 1 1
birthday_congrats/internal/services/congrats_service/congrats_service_impl.go:312.17,314.3 1 0
birthday_congrats/internal/services/congrats_service/congrats_service_impl.go:314.8,314.30 1 1
birthday_congrats/internal/services/congrats_service/congrats_service_impl.go:314.30,316.3 1 1
birthday_congrats/internal/services/congrats_service/congrats_service_impl.go:318.2,318.34 1 1
birthday_congrats/internal/services/congrats_service/congrats_service_mock.go:30.89,34.2 3 0
birthday_congrats/internal/services/congrats_service/congrats_service_mock.go:37.87,39.2 1 0
birthday_congrats/internal/services/congrats_service/congrats_service_mock.go:42.104,48.2 5 0
birthday_congrats/internal/services/congrats_service/congrats_service_mock.go:51.104,54.2 2 0
birthday_congrats/internal/services/congrats_service/congrats_service_mock.go:57.118,63.2 5 0
birthday_congrats/internal/services/congrats_service/congrats_service_mock.go:66.107,69.2 2 0
birthday_congrats/internal/services/congrats_service/congrats_service_mock.go:72.72,77.2 4 0
birthday_congrats/internal/services/congrats_service/congrats_service_mock.go:80.88,83.2 2 0
birthday_congrats/internal/services/congrats_service/congrats_service_mock.go:86.135,92.2 5 0
birthday_congrats/internal/services/congrats_service/congrats_service_mock.go:95.124,98.2 2 0
birthday_congrats/internal/services/congrats_service/congrats_service_mock.go:101.133,104.2 2 0
birthday_congrats/internal/services/congrats_service/congrats_service_mock.go:107.115,110.2 2 0
birthday_congrats/internal/services/congrats_service/congrats_service_mock.go:113.113,118.2 4 0
birthday_congrats/internal/services/congrats_service/congrats_service_mock.go:121.118,124.2 2 0
birthday_congrats/internal/services/congrats_service/congrats_service_mock.go:127.100,132.2 4 0
birthday_congrats/internal/services/congrats_service/congrats_service_mock.go:135.109,138.2 2 0
