mode: set
birthday_congrats/cmd/birthday_congrats/main.go:28.13,33.16 3 0
birthday_congrats/cmd/birthday_congrats/main.go:33.16,35.3 1 0
birthday_congrats/cmd/birthday_congrats/main.go:36.2,36.15 1 0
birthday_congrats/cmd/birthday_congrats/main.go:36.15,38.17 2 0
birthday_congrats/cmd/birthday_congrats/main.go:38.17,40.4 1 0
birthday_congrats/cmd/birthday_congrats/main.go:42.2,50.16 4 0
birthday_congrats/cmd/birthday_congrats/main.go:50.16,53.3 2 0
birthday_congrats/cmd/birthday_congrats/main.go:54.2,60.16 5 0
birthday_congrats/cmd/birthday_congrats/main.go:60.16,63.3 2 0
birthday_congrats/cmd/birthday_congrats/main.go:66.2,108.15 8 0
birthday_congrats/cmd/birthday_congrats/main.go:108.15,111.3 2 0
birthday_congrats/cmd/birthday_congrats/main.go:113.2,150.12 17 0
birthday_congrats/cmd/birthday_congrats/main.go:150.12,152.17 2 0
birthday_congrats/cmd/birthday_congrats/main.go:152.17,157.4 1 0
birthday_congrats/cmd/birthday_congrats/main.go:160.2,160.14 1 0
birthday_congrats/internal/pkg/handlers/service.go:28.19,35.2 1 0
birthday_congrats/internal/pkg/handlers/service.go:37.83,43.16 2 0
birthday_congrats/internal/pkg/handlers/service.go:43.16,45.3 1 0
birthday_congrats/internal/pkg/handlers/service.go:48.72,50.16 2 0
birthday_congrats/internal/pkg/handlers/service.go:50.16,54.3 3 0
birthday_congrats/internal/pkg/handlers/service.go:56.2,57.16 2 0
birthday_congrats/internal/pkg/handlers/service.go:57.16,59.3 1 0
birthday_congrats/internal/pkg/handlers/service.go:62.72,64.2 1 0
birthday_congrats/internal/pkg/handlers/service.go:66.75,74.45 2 0
birthday_congrats/internal/pkg/handlers/service.go:74.45,76.3 1 0
birthday_congrats/internal/pkg/handlers/service.go:77.2,77.31 1 0
birthday_congrats/internal/pkg/handlers/service.go:77.31,81.3 2 0
birthday_congrats/internal/pkg/handlers/service.go:83.2,89.49 2 0
birthday_congrats/internal/pkg/handlers/service.go:92.72,98.41 2 0
birthday_congrats/internal/pkg/handlers/service.go:98.41,100.3 1 0
birthday_congrats/internal/pkg/handlers/service.go:101.2,101.27 1 0
birthday_congrats/internal/pkg/handlers/service.go:101.27,105.3 2 0
birthday_congrats/internal/pkg/handlers/service.go:107.2,113.49 2 0
birthday_congrats/internal/pkg/handlers/service.go:116.72,118.16 2 0
birthday_congrats/internal/pkg/handlers/service.go:118.16,120.3 1 0
birthday_congrats/internal/pkg/handlers/service.go:122.2,127.16 2 0
birthday_congrats/internal/pkg/handlers/service.go:127.16,129.3 1 0
birthday_congrats/internal/pkg/handlers/service.go:132.76,134.16 2 0
birthday_congrats/internal/pkg/handlers/service.go:134.16,137.3 2 0
birthday_congrats/internal/pkg/handlers/service.go:139.2,140.16 2 0
birthday_congrats/internal/pkg/handlers/service.go:140.16,143.3 2 0
birthday_congrats/internal/pkg/handlers/service.go:145.2,146.16 2 0
birthday_congrats/internal/pkg/handlers/service.go:146.16,149.3 2 0
birthday_congrats/internal/pkg/handlers/service.go:151.2,151.49 1 0
birthday_congrats/internal/pkg/handlers/service.go:154.78,156.16 2 0
birthday_congrats/internal/pkg/handlers/service.go:156.16,159.3 2 0
birthday_congrats/internal/pkg/handlers/service.go:161.2,162.16 2 0
birthday_congrats/internal/pkg/handlers/service.go:162.16,165.3 2 0
birthday_congrats/internal/pkg/handlers/service.go:167.2,167.49 1 0
birthday_congrats/internal/pkg/handlers/service.go:170.73,172.50 2 0
birthday_congrats/internal/pkg/handlers/service.go:172.50,174.3 1 0
birthday_congrats/internal/pkg/handlers/service.go:175.2,175.36 1 0
birthday_congrats/internal/pkg/handlers/service.go:175.36,177.3 1 0
birthday_congrats/internal/pkg/handlers/service.go:179.2,180.16 2 0
birthday_congrats/internal/pkg/handlers/service.go:180.16,182.3 1 0
birthday_congrats/internal/pkg/handlers/service.go:184.2,187.44 3 0
birthday_congrats/internal/pkg/middlware/auth.go:10.98,11.71 1 0
birthday_congrats/internal/pkg/middlware/auth.go:11.71,13.17 2 0
birthday_congrats/internal/pkg/middlware/auth.go:13.17,17.4 3 0
birthday_congrats/internal/pkg/middlware/auth.go:19.3,20.40 2 0
birthday_congrats/internal/pkg/middlware/logger.go:10.72,11.71 1 0
birthday_congrats/internal/pkg/middlware/logger.go:11.71,20.3 3 0
birthday_congrats/internal/pkg/middlware/panic.go:9.71,10.71 1 0
birthday_congrats/internal/pkg/middlware/panic.go:10.71,11.16 1 0
birthday_congrats/internal/pkg/middlware/panic.go:11.16,12.36 1 0
birthday_congrats/internal/pkg/middlware/panic.go:12.36,15.5 2 0
birthday_congrats/internal/pkg/middlware/panic.go:17.3,17.23 1 0
birthday_congrats/internal/pkg/alert_manager/email_alert_manager.go:29.22,39.2 2 0
birthday_congrats/internal/pkg/alert_manager/email_alert_manager.go:41.93,54.16 4 0
birthday_congrats/internal/pkg/alert_manager/email_alert_manager.go:54.16,57.3 2 0
birthday_congrats/internal/pkg/alert_manager/email_alert_manager.go:59.2,59.48 1 0
birthday_congrats/internal/pkg/subscription/mysql_repo.go:19.95,24.2 1 1
birthday_congrats/internal/pkg/subscription/mysql_repo.go:26.103,33.16 3 1
birthday_congrats/internal/pkg/subscription/mysql_repo.go:33.16,36.3 2 1
birthday_congrats/internal/pkg/subscription/mysql_repo.go:38.2,38.18 1 1
birthday_congrats/internal/pkg/subscription/mysql_repo.go:38.18,41.17 3 1
birthday_congrats/internal/pkg/subscription/mysql_repo.go:41.17,44.4 2 1
birthday_congrats/internal/pkg/subscription/mysql_repo.go:46.3,46.48 1 1
birthday_congrats/internal/pkg/subscription/mysql_repo.go:49.2,49.27 1 1
birthday_congrats/internal/pkg/subscription/mysql_repo.go:52.121,60.16 3 1
birthday_congrats/internal/pkg/subscription/mysql_repo.go:60.16,63.3 2 1
birthday_congrats/internal/pkg/subscription/mysql_repo.go:65.2,65.18 1 1
birthday_congrats/internal/pkg/subscription/mysql_repo.go:65.18,70.17 3 1
birthday_congrats/internal/pkg/subscription/mysql_repo.go:70.17,73.4 2 1
birthday_congrats/internal/pkg/subscription/mysql_repo.go:75.3,75.48 1 1
birthday_congrats/internal/pkg/subscription/mysql_repo.go:78.2,78.27 1 1
birthday_congrats/internal/pkg/subscription/mysql_repo.go:81.132,89.16 2 1
birthday_congrats/internal/pkg/subscription/mysql_repo.go:89.16,92.3 2 1
birthday_congrats/internal/pkg/subscription/mysql_repo.go:95.2,96.16 2 1
birthday_congrats/internal/pkg/subscription/mysql_repo.go:96.16,99.3 2 1
birthday_congrats/internal/pkg/subscription/mysql_repo.go:100.2,100.19 1 1
birthday_congrats/internal/pkg/subscription/mysql_repo.go:100.19,103.3 2 1
birthday_congrats/internal/pkg/subscription/mysql_repo.go:105.2,105.12 1 1
birthday_congrats/internal/pkg/subscription/mysql_repo.go:108.120,115.16 2 1
birthday_congrats/internal/pkg/subscription/mysql_repo.go:115.16,118.3 2 1
birthday_congrats/internal/pkg/subscription/mysql_repo.go:121.2,122.16 2 1
birthday_congrats/internal/pkg/subscription/mysql_repo.go:122.16,125.3 2 1
birthday_congrats/internal/pkg/subscription/mysql_repo.go:126.2,126.19 1 1
birthday_congrats/internal/pkg/subscription/mysql_repo.go:126.19,129.3 2 1
birthday_congrats/internal/pkg/subscription/mysql_repo.go:131.2,131.12 1 1
birthday_congrats/internal/pkg/session/mysql_manager.go:24.128,31.2 1 1
birthday_congrats/internal/pkg/session/mysql_manager.go:33.94,43.16 3 1
birthday_congrats/internal/pkg/session/mysql_manager.go:43.16,46.3 2 1
birthday_congrats/internal/pkg/session/mysql_manager.go:49.2,50.16 2 1
birthday_congrats/internal/pkg/session/mysql_manager.go:50.16,53.3 2 1
birthday_congrats/internal/pkg/session/mysql_manager.go:54.2,54.19 1 1
birthday_congrats/internal/pkg/session/mysql_manager.go:54.19,57.3 2 1
birthday_congrats/internal/pkg/session/mysql_manager.go:59.2,59.25 1 1
birthday_congrats/internal/pkg/session/mysql_manager.go:62.74,64.16 2 1
birthday_congrats/internal/pkg/session/mysql_manager.go:64.16,67.3 2 0
birthday_congrats/internal/pkg/session/mysql_manager.go:69.2,83.40 4 1
birthday_congrats/internal/pkg/session/mysql_manager.go:83.40,86.3 2 0
birthday_congrats/internal/pkg/session/mysql_manager.go:87.2,87.26 1 1
birthday_congrats/internal/pkg/session/mysql_manager.go:87.26,90.3 2 0
birthday_congrats/internal/pkg/session/mysql_manager.go:93.2,93.38 1 1
birthday_congrats/internal/pkg/session/mysql_manager.go:93.38,95.17 2 0
birthday_congrats/internal/pkg/session/mysql_manager.go:95.17,98.4 2 0
birthday_congrats/internal/pkg/session/mysql_manager.go:100.3,100.32 1 0
birthday_congrats/internal/pkg/session/mysql_manager.go:103.2,103.18 1 1
birthday_congrats/internal/pkg/session/mysql_manager.go:106.68,108.16 2 0
birthday_congrats/internal/pkg/session/mysql_manager.go:108.16,111.3 2 0
birthday_congrats/internal/pkg/session/mysql_manager.go:113.2,118.16 2 0
birthday_congrats/internal/pkg/session/mysql_manager.go:118.16,121.3 2 0
birthday_congrats/internal/pkg/session/mysql_manager.go:124.2,125.16 2 0
birthday_congrats/internal/pkg/session/mysql_manager.go:125.16,128.3 2 0
birthday_congrats/internal/pkg/session/mysql_manager.go:129.2,129.19 1 0
birthday_congrats/internal/pkg/session/mysql_manager.go:129.19,132.3 2 0
birthday_congrats/internal/pkg/session/mysql_manager.go:134.2,134.12 1 0
birthday_congrats/internal/pkg/session/session.go:30.73,36.2 1 1
birthday_congrats/internal/pkg/session/session.go:42.36,44.19 2 1
birthday_congrats/internal/pkg/session/session.go:44.19,46.3 1 1
birthday_congrats/internal/pkg/session/session.go:47.2,47.18 1 1
birthday_congrats/internal/pkg/session/session.go:54.77,56.2 1 0
birthday_congrats/internal/pkg/session/session.go:58.64,60.24 2 0
birthday_congrats/internal/pkg/session/session.go:60.24,62.3 1 0
birthday_congrats/internal/pkg/session/session.go:64.2,64.18 1 0
birthday_congrats/internal/services/congrats_service/congrats_service.go:40.27,48.2 1 0
birthday_congrats/internal/services/congrats_service/congrats_service.go:50.132,52.16 2 0
birthday_congrats/internal/services/congrats_service/congrats_service.go:52.16,55.3 2 0
birthday_congrats/internal/services/congrats_service/congrats_service.go:57.2,66.45 2 0
birthday_congrats/internal/services/congrats_service/congrats_service.go:66.45,69.3 2 0
birthday_congrats/internal/services/congrats_service/congrats_service.go:70.2,70.31 1 0
birthday_congrats/internal/services/congrats_service/congrats_service.go:70.31,73.3 2 0
birthday_congrats/internal/services/congrats_service/congrats_service.go:75.2,76.16 2 0
birthday_congrats/internal/services/congrats_service/congrats_service.go:76.16,79.3 2 0
birthday_congrats/internal/services/congrats_service/congrats_service.go:81.2,81.18 1 0
birthday_congrats/internal/services/congrats_service/congrats_service.go:84.115,86.71 2 0
birthday_congrats/internal/services/congrats_service/congrats_service.go:86.71,89.3 2 0
birthday_congrats/internal/services/congrats_service/congrats_service.go:90.2,90.57 1 0
birthday_congrats/internal/services/congrats_service/congrats_service.go:90.57,93.3 2 0
birthday_congrats/internal/services/congrats_service/congrats_service.go:95.2,96.16 2 0
birthday_congrats/internal/services/congrats_service/congrats_service.go:96.16,99.3 2 0
birthday_congrats/internal/services/congrats_service/congrats_service.go:101.2,101.18 1 0
birthday_congrats/internal/services/congrats_service/congrats_service.go:104.110,106.16 2 0
birthday_congrats/internal/services/congrats_service/congrats_service.go:106.16,109.3 2 0
birthday_congrats/internal/services/congrats_service/congrats_service.go:111.2,112.16 2 0
birthday_congrats/internal/services/congrats_service/congrats_service.go:112.16,115.3 2 0
birthday_congrats/internal/services/congrats_service/congrats_service.go:117.2,117.12 1 0
birthday_congrats/internal/services/congrats_service/congrats_service.go:120.97,122.16 2 0
birthday_congrats/internal/services/congrats_service/congrats_service.go:122.16,125.3 2 0
birthday_congrats/internal/services/congrats_service/congrats_service.go:127.2,128.61 2 0
birthday_congrats/internal/services/congrats_service/congrats_service.go:128.61,131.3 2 0
birthday_congrats/internal/services/congrats_service/congrats_service.go:132.2,132.47 1 0
birthday_congrats/internal/services/congrats_service/congrats_service.go:132.47,134.3 1 0
birthday_congrats/internal/services/congrats_service/congrats_service.go:136.2,136.12 1 0
birthday_congrats/internal/services/congrats_service/congrats_service.go:139.95,141.16 2 0
birthday_congrats/internal/services/congrats_service/congrats_service.go:141.16,144.3 2 0
birthday_congrats/internal/services/congrats_service/congrats_service.go:146.2,147.16 2 0
birthday_congrats/internal/services/congrats_service/congrats_service.go:147.16,150.3 2 0
birthday_congrats/internal/services/congrats_service/congrats_service.go:152.2,153.16 2 0
birthday_congrats/internal/services/congrats_service/congrats_service.go:153.16,156.3 2 0
birthday_congrats/internal/services/congrats_service/congrats_service.go:158.2,158.75 1 0
birthday_congrats/internal/services/congrats_service/congrats_service.go:158.75,158.127 1 0
birthday_congrats/internal/services/congrats_service/congrats_service.go:160.2,161.26 2 0
birthday_congrats/internal/services/congrats_service/congrats_service.go:161.26,162.30 1 0
birthday_congrats/internal/services/congrats_service/congrats_service.go:162.30,163.9 1 0
birthday_congrats/internal/services/congrats_service/congrats_service.go:166.3,166.44 1 0
birthday_congrats/internal/services/congrats_service/congrats_service.go:166.44,170.4 3 0
birthday_congrats/internal/services/congrats_service/congrats_service.go:173.2,173.19 1 0
birthday_congrats/internal/services/congrats_service/congrats_service.go:176.69,178.81 2 0
birthday_congrats/internal/services/congrats_service/congrats_service.go:178.81,181.3 2 0
birthday_congrats/internal/services/congrats_service/congrats_service.go:182.2,182.67 1 0
birthday_congrats/internal/services/congrats_service/congrats_service.go:182.67,185.3 2 0
birthday_congrats/internal/services/congrats_service/congrats_service.go:187.2,187.12 1 0
birthday_congrats/internal/services/congrats_service/congrats_service.go:190.108,191.33 1 0
birthday_congrats/internal/services/congrats_service/congrats_service.go:191.33,194.3 2 0
birthday_congrats/internal/services/congrats_service/congrats_service.go:196.2,197.22 2 0
birthday_congrats/internal/services/congrats_service/congrats_service.go:200.82,213.16 8 0
birthday_congrats/internal/services/congrats_service/congrats_service.go:213.16,216.3 2 0
birthday_congrats/internal/services/congrats_service/congrats_service.go:218.2,220.26 2 0
birthday_congrats/internal/services/congrats_service/congrats_service.go:220.26,223.3 2 0
birthday_congrats/internal/services/congrats_service/congrats_service.go:225.2,225.6 1 0
birthday_congrats/internal/services/congrats_service/congrats_service.go:225.6,226.10 1 0
birthday_congrats/internal/services/congrats_service/congrats_service.go:227.21,229.10 2 0
birthday_congrats/internal/services/congrats_service/congrats_service.go:230.19,232.18 2 0
birthday_congrats/internal/services/congrats_service/congrats_service.go:232.18,234.13 2 0
birthday_congrats/internal/services/congrats_service/congrats_service.go:237.4,239.28 2 0
birthday_congrats/internal/services/congrats_service/congrats_service.go:239.28,242.5 2 0
birthday_congrats/internal/services/congrats_service/congrats_service.go:247.99,249.16 2 0
birthday_congrats/internal/services/congrats_service/congrats_service.go:249.16,252.3 2 0
birthday_congrats/internal/services/congrats_service/congrats_service.go:254.2,254.29 1 0
birthday_congrats/internal/services/congrats_service/congrats_service.go:254.29,256.3 1 0
birthday_congrats/internal/services/congrats_service/congrats_service.go:258.2,258.75 1 0
birthday_congrats/internal/services/congrats_service/congrats_service.go:258.75,258.127 1 0
birthday_congrats/internal/services/congrats_service/congrats_service.go:260.2,267.36 6 0
birthday_congrats/internal/services/congrats_service/congrats_service.go:267.36,268.42 1 0
birthday_congrats/internal/services/congrats_service/congrats_service.go:268.42,271.18 3 0
birthday_congrats/internal/services/congrats_service/congrats_service.go:271.18,274.5 2 0
birthday_congrats/internal/services/congrats_service/congrats_service.go:276.4,283.35 2 0
birthday_congrats/internal/services/congrats_service/congrats_service.go:283.35,285.5 1 0
birthday_congrats/internal/services/congrats_service/congrats_service.go:287.4,287.19 1 0
birthday_congrats/internal/services/congrats_service/congrats_service.go:287.19,289.5 1 0
birthday_congrats/internal/services/congrats_service/congrats_service.go:289.10,289.32 1 0
birthday_congrats/internal/services/congrats_service/congrats_service.go:289.32,291.5 1 0
birthday_congrats/internal/services/congrats_service/congrats_service.go:293.4,296.26 3 0
birthday_congrats/internal/services/congrats_service/congrats_service.go:299.3,299.34 1 0
birthday_congrats/internal/services/congrats_service/congrats_service.go:299.34,301.18 2 0
birthday_congrats/internal/services/congrats_service/congrats_service.go:301.18,304.5 2 0
birthday_congrats/internal/services/congrats_service/congrats_service.go:306.4,306.37 1 0
birthday_congrats/internal/services/congrats_service/congrats_service.go:310.2,310.17 1 0
birthday_congrats/internal/services/congrats_service/congrats_service.go:310.17,312.3 1 0
birthday_congrats/internal/services/congrats_service/congrats_service.go:312.8,312.30 1 0
birthday_congrats/internal/services/congrats_service/congrats_service.go:312.30,314.3 1 0
birthday_congrats/internal/services/congrats_service/congrats_service.go:316.2,316.34 1 0
birthday_congrats/internal/pkg/user/mysql_repo.go:21.79,27.2 1 1
birthday_congrats/internal/pkg/user/mysql_repo.go:29.127,39.40 4 1
birthday_congrats/internal/pkg/user/mysql_repo.go:39.40,43.3 3 1
birthday_congrats/internal/pkg/user/mysql_repo.go:44.2,44.16 1 1
birthday_congrats/internal/pkg/user/mysql_repo.go:44.16,47.3 2 1
birthday_congrats/internal/pkg/user/mysql_repo.go:49.2,61.16 3 1
birthday_congrats/internal/pkg/user/mysql_repo.go:61.16,64.3 2 1
birthday_congrats/internal/pkg/user/mysql_repo.go:67.2,68.16 2 1
birthday_congrats/internal/pkg/user/mysql_repo.go:68.16,71.3 2 1
birthday_congrats/internal/pkg/user/mysql_repo.go:72.2,72.19 1 1
birthday_congrats/internal/pkg/user/mysql_repo.go:72.19,75.3 2 1
birthday_congrats/internal/pkg/user/mysql_repo.go:77.2,78.16 2 1
birthday_congrats/internal/pkg/user/mysql_repo.go:78.16,81.3 2 1
birthday_congrats/internal/pkg/user/mysql_repo.go:83.2,92.21 2 1
birthday_congrats/internal/pkg/user/mysql_repo.go:95.98,112.40 4 1
birthday_congrats/internal/pkg/user/mysql_repo.go:112.40,115.3 2 1
birthday_congrats/internal/pkg/user/mysql_repo.go:116.2,116.26 1 1
birthday_congrats/internal/pkg/user/mysql_repo.go:116.26,118.3 1 1
birthday_congrats/internal/pkg/user/mysql_repo.go:120.2,120.30 1 1
birthday_congrats/internal/pkg/user/mysql_repo.go:120.30,122.3 1 1
birthday_congrats/internal/pkg/user/mysql_repo.go:124.2,124.18 1 1
birthday_congrats/internal/pkg/user/mysql_repo.go:127.74,134.16 3 1
birthday_congrats/internal/pkg/user/mysql_repo.go:134.16,137.3 2 1
birthday_congrats/internal/pkg/user/mysql_repo.go:139.2,139.18 1 1
birthday_congrats/internal/pkg/user/mysql_repo.go:139.18,149.17 3 1
birthday_congrats/internal/pkg/user/mysql_repo.go:149.17,152.4 2 1
birthday_congrats/internal/pkg/user/mysql_repo.go:154.3,154.30 1 1
birthday_congrats/internal/pkg/user/mysql_repo.go:157.2,157.19 1 1
birthday_congrats/internal/pkg/user/mysql_repo.go:160.88,175.40 3 1
birthday_congrats/internal/pkg/user/mysql_repo.go:175.40,178.3 2 1
birthday_congrats/internal/pkg/user/mysql_repo.go:179.2,179.26 1 1
birthday_congrats/internal/pkg/user/mysql_repo.go:179.26,181.3 1 1
birthday_congrats/internal/pkg/user/mysql_repo.go:183.2,183.18 1 1
